<?xml version="1.0" encoding="UTF-8"?>
<!-- Generated by org.testng.reporters.JUnitReportReporter -->
<testsuite skipped="0" hostname="amanda-Inspiron-3421" name="br.com.base2.automacaoTesteSelenium.tests.ReportissueTest" tests="6" failures="0" timestamp="31 mar 2019 21:00:56 GMT" time="18.716" errors="0">
  <testcase name="relatarBugCamposVazios" time="1.105" classname="br.com.base2.automacaoTesteSelenium.tests.ReportissueTest"/>
  <testcase name="verificarCampoDescricaoNaoPreenchido" time="1.378" classname="br.com.base2.automacaoTesteSelenium.tests.ReportissueTest"/>
  <testcase name="verificarCampoSumarioNaoPreenchido" time="1.336" classname="br.com.base2.automacaoTesteSelenium.tests.ReportissueTest"/>
  <testcase name="enviarRelatorioDeBug" time="4.806" classname="br.com.base2.automacaoTesteSelenium.tests.ReportissueTest"/>
  <testcase name="uploadArquivo" time="3.622" classname="br.com.base2.automacaoTesteSelenium.tests.ReportissueTest"/>
  <testcase name="selecionarProjeto" time="6.469" classname="br.com.base2.automacaoTesteSelenium.tests.ReportissueTest"/>
</testsuite> <!-- br.com.base2.automacaoTesteSelenium.tests.ReportissueTest -->
