<?xml version="1.0" encoding="UTF-8"?>
<!-- Generated by org.testng.reporters.JUnitReportReporter -->
<testsuite skipped="0" hostname="amanda-Inspiron-3421" name="br.com.base2.automacaoTesteSelenium.tests.EditarReportIssueTest" tests="1" failures="0" timestamp="31 mar 2019 21:00:56 GMT" time="9.154" errors="0">
  <testcase name="editarReportIssue" time="9.154" classname="br.com.base2.automacaoTesteSelenium.tests.EditarReportIssueTest"/>
</testsuite> <!-- br.com.base2.automacaoTesteSelenium.tests.EditarReportIssueTest -->
